-------------------------------------
Beginning Export of Source Files
codelearn.accdb
VCS Version 4.1.2
Full Path: C:\Proyecto\Codelearn\codelearn.accdb
Export Folder: C:\Proyecto\Codelearn\codelearn.accdb.src\
Performing Full Export
08/04/2026 16:55:46
-------------------------------------
Scanning source files...
No reports found in this database.
-------------------------------------
Exporting modules...          
  Module1
[1]
-------------------------------------
Exporting forms...            
  Formulario
    Sanitized in 0,016 seconds.
  añadir alumnos
    Sanitized in 0,008 seconds.
  chapas
    Sanitized in 0,006 seconds.
[3]
Added default .gitattributes file
-------------------------------------
Done. (1,68 seconds)

--------------------------------------------------
                PERFORMANCE REPORTS
--------------------------------------------------
Category                      Count     Seconds
--------------------------------------------------
Forms                         3         1,20
Modules                       1         0,10
Reports                       0         0,00
--------------------------------------------------
TOTALS:                       4         1,30
--------------------------------------------------

--------------------------------------------------
Operations                    Count     Seconds
--------------------------------------------------
Close Open Objects            1         0,16
Console Updates               4         0,10
Read File Bytes               4         0,06
Increment Progress            8         0,05
Convert to JSON               93        0,03
Sanitize File                 3         0,03
Read File                     4         0,02
App.SaveAsText()              3         0,02
Scan DB Objects               1         0,01
Export VBE Module             1         0,01
modFileAccess.VerifyPath      7         0,01
Write File                    4         0,00
Get File Property Hash        4         0,00
Get VBA Hash                  4         0,00
Read File DevMode             3         0,00
Delete File                   5         0,00
Compute SHA256                14        0,00
Quick Count Files             1         0,00
Get Modified Date             8         0,00
Clear Files by Ext            6         0,00
Sanitize VBA Code             1         0,00
Quick Count Objects           1         0,00
--------------------------------------------------
Other Operations                        1,17
--------------------------------------------------


